2020-11-23 20:54:05,272:INFO:PyCaret Supervised Module
2020-11-23 20:54:05,273:INFO:ML Usecase: regression
2020-11-23 20:54:05,275:INFO:version 2.2.1
2020-11-23 20:54:05,276:INFO:Initializing setup()
2020-11-23 20:54:05,278:INFO:setup(target=charges, ml_usecase=regression, available_plots={'parameter': 'Hyperparameters', 'residuals': 'Residuals', 'error': 'Prediction Error', 'cooks': 'Cooks Distance', 'rfe': 'Feature Selection', 'learning': 'Learning Curve', 'manifold': 'Manifold Learning', 'vc': 'Validation Curve', 'feature': 'Feature Importance', 'feature_all': 'Feature Importance (All)', 'tree': 'Decision Tree'}, train_size=0.7, test_data=None, preprocess=True, imputation_type=simple, iterative_imputation_iters=5, categorical_features=None, categorical_imputation=constant, categorical_iterative_imputer=lightgbm, ordinal_features=None, high_cardinality_features=None, high_cardinality_method=frequency, numeric_features=None, numeric_imputation=mean, numeric_iterative_imputer=lightgbm, date_features=None, ignore_features=None, normalize=False, normalize_method=zscore, transformation=False, transformation_method=yeo-johnson, handle_unknown_categorical=True, unknown_categorical_method=least_frequent, pca=False, pca_method=linear, pca_components=None, ignore_low_variance=False, combine_rare_levels=False, rare_level_threshold=0.1, bin_numeric_features=None, remove_outliers=False, outliers_threshold=0.05, remove_multicollinearity=False, multicollinearity_threshold=0.9, remove_perfect_collinearity=True, create_clusters=False, cluster_iter=20, polynomial_features=False, polynomial_degree=2, trigonometry_features=False, polynomial_threshold=0.1, group_features=None, group_names=None, feature_selection=False, feature_selection_threshold=0.8, feature_selection_method=classic, feature_interaction=False, feature_ratio=False, interaction_threshold=0.01, fix_imbalance=False, fix_imbalance_method=None, transform_target=False, transform_target_method=box-cox, data_split_shuffle=True, data_split_stratify=False, fold_strategy=kfold, fold=10, fold_shuffle=False, fold_groups=None, n_jobs=-1, use_gpu=False, custom_pipeline=None, html=True, session_id=123, log_experiment=False, experiment_name=None, log_plots=False, log_profile=False, log_data=False, silent=False, verbose=True, profile=False, profile_kwargs=None, display=None)
2020-11-23 20:54:05,280:INFO:Checking environment
2020-11-23 20:54:05,281:INFO:python_version: 3.7.6
2020-11-23 20:54:05,282:INFO:python_build: ('default', 'Jan  8 2020 20:23:39')
2020-11-23 20:54:05,283:INFO:machine: AMD64
2020-11-23 20:54:05,285:INFO:platform: Windows-10-10.0.19041-SP0
2020-11-23 20:54:05,287:INFO:Memory: svmem(total=8481083392, available=1660264448, percent=80.4, used=6820818944, free=1660264448)
2020-11-23 20:54:05,288:INFO:Physical Core: 2
2020-11-23 20:54:05,290:INFO:Logical Core: 4
2020-11-23 20:54:05,291:INFO:Checking libraries
2020-11-23 20:54:05,293:INFO:pd==0.25.3
2020-11-23 20:54:05,294:INFO:numpy==1.17.3
2020-11-23 20:54:05,295:INFO:sklearn==0.23.2
2020-11-23 20:54:06,384:INFO:xgboost==1.2.1
2020-11-23 20:54:06,386:INFO:lightgbm==3.1.0
2020-11-23 20:54:06,413:INFO:catboost==0.24.3
2020-11-23 20:54:07,857:INFO:mlflow==1.12.1
2020-11-23 20:54:07,858:INFO:Checking Exceptions
2020-11-23 20:54:07,860:INFO:Declaring global variables
2020-11-23 20:54:07,861:INFO:USI: 2942
2020-11-23 20:54:07,862:INFO:pycaret_globals: {'_all_models_internal', 'stratify_param', 'n_jobs_param', 'y_train', '_all_metrics', 'seed', 'fold_groups_param', 'X_train', 'imputation_regressor', 'data_before_preprocess', 'logging_param', 'imputation_classifier', 'html_param', '_gpu_n_jobs_param', 'create_model_container', 'transform_target_method_param', 'y_test', 'log_plots_param', 'fold_shuffle_param', 'prep_pipe', 'gpu_param', 'fold_generator', 'transform_target_param', 'target_param', 'X_test', 'y', 'USI', '_available_plots', 'exp_name_log', 'fix_imbalance_method_param', 'master_model_container', '_ml_usecase', 'X', 'experiment__', 'display_container', 'fix_imbalance_param', 'fold_param', '_internal_pipeline', 'iterative_imputation_iters_param', '_all_models', 'pycaret_globals'}
2020-11-23 20:54:07,863:INFO:Preparing display monitor
2020-11-23 20:54:07,864:INFO:Preparing display monitor
2020-11-23 20:54:07,892:INFO:Importing libraries
2020-11-23 20:54:07,893:INFO:Copying data for preprocessing
2020-11-23 20:54:07,906:INFO:Declaring preprocessing parameters
2020-11-23 20:54:07,912:INFO:Creating preprocessing pipeline
2020-11-23 20:54:07,929:INFO:Preprocessing pipeline created successfully
2020-11-23 20:54:07,930:ERROR:(Process Exit): setup has been interupted with user command 'quit'. setup must rerun.
2020-11-23 20:54:07,931:INFO:Creating global containers
2020-11-23 20:54:07,935:INFO:Internal pipeline: Pipeline(memory=None, steps=[('empty_step', 'passthrough')], verbose=False)
2020-11-23 20:57:02,594:INFO:Creating grid variables
2020-11-23 20:57:02,665:INFO:create_model_container: 0
2020-11-23 20:57:02,666:INFO:master_model_container: 0
2020-11-23 20:57:02,667:INFO:display_container: 0
2020-11-23 20:57:02,673:INFO:Pipeline(memory=None,
         steps=[('dtypes',
                 DataTypes_Auto_infer(categorical_features=[],
                                      display_types=True, features_todrop=[],
                                      id_columns=[], ml_usecase='regression',
                                      numerical_features=[], target='charges',
                                      time_features=[])),
                ('imputer',
                 Simple_Imputer(categorical_strategy='not_available',
                                fill_value_categorical=None,
                                fill_value_numerical=None,
                                numeric_strategy...
                ('scaling', 'passthrough'), ('P_transform', 'passthrough'),
                ('binn', 'passthrough'), ('rem_outliers', 'passthrough'),
                ('cluster_all', 'passthrough'),
                ('dummy', Dummify(target='charges')),
                ('fix_perfect', Remove_100(target='charges')),
                ('clean_names', Clean_Colum_Names()),
                ('feature_select', 'passthrough'), ('fix_multi', 'passthrough'),
                ('dfs', 'passthrough'), ('pca', 'passthrough')],
         verbose=False)
2020-11-23 20:57:02,674:INFO:setup() succesfully completed......................................
2020-11-23 20:59:11,270:INFO:Initializing create_model()
2020-11-23 20:59:11,273:INFO:create_model(estimator=lr, fold=None, round=4, cross_validation=True, predict=True, fit_kwargs=None, groups=None, refit=True, verbose=True, system=True, metrics=None, display=None, kwargs={})
2020-11-23 20:59:11,275:INFO:Checking exceptions
2020-11-23 20:59:11,277:INFO:Preparing display monitor
2020-11-23 20:59:11,324:INFO:Importing libraries
2020-11-23 20:59:11,325:INFO:Copying training dataset
2020-11-23 20:59:11,329:INFO:Defining folds
2020-11-23 20:59:11,330:INFO:Declaring metric variables
2020-11-23 20:59:11,362:INFO:Importing untrained model
2020-11-23 20:59:11,390:INFO:Linear Regression Imported succesfully
2020-11-23 20:59:11,434:INFO:Starting cross validation
2020-11-23 20:59:11,446:INFO:Cross validating with KFold(n_splits=10, random_state=123, shuffle=False), n_jobs=-1
2020-11-23 20:59:18,522:INFO:Calculating mean and std
2020-11-23 20:59:18,526:INFO:Creating metrics dataframe
2020-11-23 20:59:18,555:INFO:Finalizing model
2020-11-23 20:59:18,579:INFO:Uploading results into container
2020-11-23 20:59:18,580:INFO:Uploading model into container now
2020-11-23 20:59:18,643:INFO:create_model_container: 1
2020-11-23 20:59:18,644:INFO:master_model_container: 1
2020-11-23 20:59:18,646:INFO:display_container: 1
2020-11-23 20:59:18,647:INFO:LinearRegression(copy_X=True, fit_intercept=True, n_jobs=-1, normalize=False)
2020-11-23 20:59:18,648:INFO:create_model() succesfully completed......................................
2020-11-23 21:02:40,301:INFO:Initializing plot_model()
2020-11-23 21:02:40,302:INFO:plot_model(plot=residuals, fold=None, use_train_data=False, verbose=True, display=None, estimator=LinearRegression(copy_X=True, fit_intercept=True, n_jobs=-1, normalize=False), feature_name=None, fit_kwargs=None, groups=None, label=False, save=False, scale=1, system=True)
2020-11-23 21:02:40,304:INFO:Checking exceptions
2020-11-23 21:02:40,306:INFO:Preparing display monitor
2020-11-23 21:02:40,318:INFO:Preloading libraries
2020-11-23 21:02:40,321:INFO:Copying training dataset
2020-11-23 21:02:40,323:INFO:Copying test dataset
2020-11-23 21:02:40,325:INFO:Plot type: residuals
2020-11-23 21:02:40,585:INFO:Fitting Model
2020-11-23 21:02:40,690:INFO:Scoring test/hold-out set
2020-11-23 21:02:41,604:INFO:Visual Rendered Successfully
2020-11-23 21:02:41,689:INFO:plot_model() succesfully completed......................................
2020-11-23 21:05:37,311:INFO:PyCaret Supervised Module
2020-11-23 21:05:37,313:INFO:ML Usecase: regression
2020-11-23 21:05:37,315:INFO:version 2.2.1
2020-11-23 21:05:37,316:INFO:Initializing setup()
2020-11-23 21:05:37,317:INFO:setup(target=charges, ml_usecase=regression, available_plots={'parameter': 'Hyperparameters', 'residuals': 'Residuals', 'error': 'Prediction Error', 'cooks': 'Cooks Distance', 'rfe': 'Feature Selection', 'learning': 'Learning Curve', 'manifold': 'Manifold Learning', 'vc': 'Validation Curve', 'feature': 'Feature Importance', 'feature_all': 'Feature Importance (All)', 'tree': 'Decision Tree'}, train_size=0.7, test_data=None, preprocess=True, imputation_type=simple, iterative_imputation_iters=5, categorical_features=None, categorical_imputation=constant, categorical_iterative_imputer=lightgbm, ordinal_features=None, high_cardinality_features=None, high_cardinality_method=frequency, numeric_features=None, numeric_imputation=mean, numeric_iterative_imputer=lightgbm, date_features=None, ignore_features=None, normalize=True, normalize_method=zscore, transformation=False, transformation_method=yeo-johnson, handle_unknown_categorical=True, unknown_categorical_method=least_frequent, pca=False, pca_method=linear, pca_components=None, ignore_low_variance=False, combine_rare_levels=False, rare_level_threshold=0.1, bin_numeric_features=['age', 'bmi'], remove_outliers=False, outliers_threshold=0.05, remove_multicollinearity=False, multicollinearity_threshold=0.9, remove_perfect_collinearity=True, create_clusters=False, cluster_iter=20, polynomial_features=True, polynomial_degree=2, trigonometry_features=True, polynomial_threshold=0.1, group_features=None, group_names=None, feature_selection=False, feature_selection_threshold=0.8, feature_selection_method=classic, feature_interaction=True, feature_ratio=False, interaction_threshold=0.01, fix_imbalance=False, fix_imbalance_method=None, transform_target=False, transform_target_method=box-cox, data_split_shuffle=True, data_split_stratify=False, fold_strategy=kfold, fold=10, fold_shuffle=False, fold_groups=None, n_jobs=-1, use_gpu=False, custom_pipeline=None, html=True, session_id=123, log_experiment=False, experiment_name=None, log_plots=False, log_profile=False, log_data=False, silent=False, verbose=True, profile=False, profile_kwargs=None, display=None)
2020-11-23 21:05:37,319:INFO:Checking environment
2020-11-23 21:05:37,320:INFO:python_version: 3.7.6
2020-11-23 21:05:37,322:INFO:python_build: ('default', 'Jan  8 2020 20:23:39')
2020-11-23 21:05:37,323:INFO:machine: AMD64
2020-11-23 21:05:37,325:INFO:platform: Windows-10-10.0.19041-SP0
2020-11-23 21:05:37,327:INFO:Memory: svmem(total=8481083392, available=1533382656, percent=81.9, used=6947700736, free=1533382656)
2020-11-23 21:05:37,328:INFO:Physical Core: 2
2020-11-23 21:05:37,329:INFO:Logical Core: 4
2020-11-23 21:05:37,331:INFO:Checking libraries
2020-11-23 21:05:37,332:INFO:pd==0.25.3
2020-11-23 21:05:37,333:INFO:numpy==1.17.3
2020-11-23 21:05:37,335:INFO:sklearn==0.23.2
2020-11-23 21:05:37,335:INFO:xgboost==1.2.1
2020-11-23 21:05:37,336:INFO:lightgbm==3.1.0
2020-11-23 21:05:37,337:INFO:catboost==0.24.3
2020-11-23 21:05:37,340:INFO:mlflow==1.12.1
2020-11-23 21:05:37,341:INFO:Checking Exceptions
2020-11-23 21:05:37,343:INFO:Declaring global variables
2020-11-23 21:05:37,344:INFO:USI: 141c
2020-11-23 21:05:37,345:INFO:pycaret_globals: {'_all_models_internal', 'stratify_param', 'n_jobs_param', 'y_train', '_all_metrics', 'seed', 'fold_groups_param', 'X_train', 'imputation_regressor', 'data_before_preprocess', 'logging_param', 'imputation_classifier', 'html_param', '_gpu_n_jobs_param', 'create_model_container', 'transform_target_method_param', 'y_test', 'log_plots_param', 'fold_shuffle_param', 'prep_pipe', 'gpu_param', 'fold_generator', 'transform_target_param', 'target_param', 'X_test', 'y', 'USI', '_available_plots', 'exp_name_log', 'fix_imbalance_method_param', 'master_model_container', '_ml_usecase', 'X', 'experiment__', 'display_container', 'fix_imbalance_param', 'fold_param', '_internal_pipeline', 'iterative_imputation_iters_param', '_all_models', 'pycaret_globals'}
2020-11-23 21:05:37,346:INFO:Preparing display monitor
2020-11-23 21:05:37,347:INFO:Preparing display monitor
2020-11-23 21:05:37,372:INFO:Importing libraries
2020-11-23 21:05:37,373:INFO:Copying data for preprocessing
2020-11-23 21:05:37,391:INFO:Declaring preprocessing parameters
2020-11-23 21:05:37,394:INFO:Creating preprocessing pipeline
2020-11-23 21:05:37,410:INFO:Preprocessing pipeline created successfully
2020-11-23 21:05:37,411:ERROR:(Process Exit): setup has been interupted with user command 'quit'. setup must rerun.
2020-11-23 21:05:37,413:INFO:Creating global containers
2020-11-23 21:05:37,415:INFO:Internal pipeline: Pipeline(memory=None, steps=[('empty_step', 'passthrough')], verbose=False)
2020-11-23 21:07:54,935:INFO:Creating grid variables
2020-11-23 21:07:54,978:INFO:create_model_container: 0
2020-11-23 21:07:54,979:INFO:master_model_container: 0
2020-11-23 21:07:54,980:INFO:display_container: 0
2020-11-23 21:07:54,989:INFO:Pipeline(memory=None,
         steps=[('dtypes',
                 DataTypes_Auto_infer(categorical_features=[],
                                      display_types=True, features_todrop=[],
                                      id_columns=[], ml_usecase='regression',
                                      numerical_features=[], target='charges',
                                      time_features=[])),
                ('imputer',
                 Simple_Imputer(categorical_strategy='not_available',
                                fill_value_categorical=None,
                                fill_value_numerical=None,
                                numeric_strategy...
                ('dummy', Dummify(target='charges')),
                ('fix_perfect', Remove_100(target='charges')),
                ('clean_names', Clean_Colum_Names()),
                ('feature_select', 'passthrough'), ('fix_multi', 'passthrough'),
                ('dfs',
                 DFS_Classic(interactions=['multiply'], ml_usecase='regression',
                             random_state=123, subclass='binary',
                             target='charges',
                             top_features_to_pick_percentage=None)),
                ('pca', 'passthrough')],
         verbose=False)
2020-11-23 21:07:54,991:INFO:setup() succesfully completed......................................
2020-11-23 21:09:13,071:INFO:PyCaret Supervised Module
2020-11-23 21:09:13,073:INFO:ML Usecase: regression
2020-11-23 21:09:13,077:INFO:version 2.2.1
2020-11-23 21:09:13,081:INFO:Initializing setup()
2020-11-23 21:09:13,082:INFO:setup(target=charges, ml_usecase=regression, available_plots={'parameter': 'Hyperparameters', 'residuals': 'Residuals', 'error': 'Prediction Error', 'cooks': 'Cooks Distance', 'rfe': 'Feature Selection', 'learning': 'Learning Curve', 'manifold': 'Manifold Learning', 'vc': 'Validation Curve', 'feature': 'Feature Importance', 'feature_all': 'Feature Importance (All)', 'tree': 'Decision Tree'}, train_size=0.7, test_data=None, preprocess=True, imputation_type=simple, iterative_imputation_iters=5, categorical_features=None, categorical_imputation=constant, categorical_iterative_imputer=lightgbm, ordinal_features=None, high_cardinality_features=None, high_cardinality_method=frequency, numeric_features=None, numeric_imputation=mean, numeric_iterative_imputer=lightgbm, date_features=None, ignore_features=None, normalize=True, normalize_method=zscore, transformation=False, transformation_method=yeo-johnson, handle_unknown_categorical=True, unknown_categorical_method=least_frequent, pca=False, pca_method=linear, pca_components=None, ignore_low_variance=False, combine_rare_levels=False, rare_level_threshold=0.1, bin_numeric_features=['age', 'bmi'], remove_outliers=False, outliers_threshold=0.05, remove_multicollinearity=False, multicollinearity_threshold=0.9, remove_perfect_collinearity=True, create_clusters=False, cluster_iter=20, polynomial_features=True, polynomial_degree=2, trigonometry_features=True, polynomial_threshold=0.1, group_features=None, group_names=None, feature_selection=False, feature_selection_threshold=0.8, feature_selection_method=classic, feature_interaction=True, feature_ratio=False, interaction_threshold=0.01, fix_imbalance=False, fix_imbalance_method=None, transform_target=False, transform_target_method=box-cox, data_split_shuffle=True, data_split_stratify=False, fold_strategy=kfold, fold=10, fold_shuffle=False, fold_groups=None, n_jobs=-1, use_gpu=False, custom_pipeline=None, html=True, session_id=123, log_experiment=False, experiment_name=None, log_plots=False, log_profile=False, log_data=False, silent=False, verbose=True, profile=False, profile_kwargs=None, display=None)
2020-11-23 21:09:13,084:INFO:Checking environment
2020-11-23 21:09:13,085:INFO:python_version: 3.7.6
2020-11-23 21:09:13,087:INFO:python_build: ('default', 'Jan  8 2020 20:23:39')
2020-11-23 21:09:13,088:INFO:machine: AMD64
2020-11-23 21:09:13,089:INFO:platform: Windows-10-10.0.19041-SP0
2020-11-23 21:09:13,092:INFO:Memory: svmem(total=8481083392, available=1319133184, percent=84.4, used=7161950208, free=1319133184)
2020-11-23 21:09:13,093:INFO:Physical Core: 2
2020-11-23 21:09:13,095:INFO:Logical Core: 4
2020-11-23 21:09:13,096:INFO:Checking libraries
2020-11-23 21:09:13,097:INFO:pd==0.25.3
2020-11-23 21:09:13,098:INFO:numpy==1.17.3
2020-11-23 21:09:13,099:INFO:sklearn==0.23.2
2020-11-23 21:09:13,100:INFO:xgboost==1.2.1
2020-11-23 21:09:13,101:INFO:lightgbm==3.1.0
2020-11-23 21:09:13,102:INFO:catboost==0.24.3
2020-11-23 21:09:13,104:INFO:mlflow==1.12.1
2020-11-23 21:09:13,105:INFO:Checking Exceptions
2020-11-23 21:09:13,108:INFO:Declaring global variables
2020-11-23 21:09:13,109:INFO:USI: bf4b
2020-11-23 21:09:13,111:INFO:pycaret_globals: {'_all_models_internal', 'stratify_param', 'n_jobs_param', 'y_train', '_all_metrics', 'seed', 'fold_groups_param', 'X_train', 'imputation_regressor', 'data_before_preprocess', 'logging_param', 'imputation_classifier', 'html_param', '_gpu_n_jobs_param', 'create_model_container', 'transform_target_method_param', 'y_test', 'log_plots_param', 'fold_shuffle_param', 'prep_pipe', 'gpu_param', 'fold_generator', 'transform_target_param', 'target_param', 'X_test', 'y', 'USI', '_available_plots', 'exp_name_log', 'fix_imbalance_method_param', 'master_model_container', '_ml_usecase', 'X', 'experiment__', 'display_container', 'fix_imbalance_param', 'fold_param', '_internal_pipeline', 'iterative_imputation_iters_param', '_all_models', 'pycaret_globals'}
2020-11-23 21:09:13,113:INFO:Preparing display monitor
2020-11-23 21:09:13,114:INFO:Preparing display monitor
2020-11-23 21:09:13,134:INFO:Importing libraries
2020-11-23 21:09:13,135:INFO:Copying data for preprocessing
2020-11-23 21:09:13,146:INFO:Declaring preprocessing parameters
2020-11-23 21:09:13,150:INFO:Creating preprocessing pipeline
2020-11-23 21:09:13,160:INFO:Preprocessing pipeline created successfully
2020-11-23 21:09:13,163:ERROR:(Process Exit): setup has been interupted with user command 'quit'. setup must rerun.
2020-11-23 21:09:13,164:INFO:Creating global containers
2020-11-23 21:09:13,166:INFO:Internal pipeline: Pipeline(memory=None, steps=[('empty_step', 'passthrough')], verbose=False)
2020-11-23 21:10:04,330:INFO:Creating grid variables
2020-11-23 21:10:04,376:INFO:create_model_container: 0
2020-11-23 21:10:04,377:INFO:master_model_container: 0
2020-11-23 21:10:04,379:INFO:display_container: 0
2020-11-23 21:10:04,389:INFO:Pipeline(memory=None,
         steps=[('dtypes',
                 DataTypes_Auto_infer(categorical_features=[],
                                      display_types=True, features_todrop=[],
                                      id_columns=[], ml_usecase='regression',
                                      numerical_features=[], target='charges',
                                      time_features=[])),
                ('imputer',
                 Simple_Imputer(categorical_strategy='not_available',
                                fill_value_categorical=None,
                                fill_value_numerical=None,
                                numeric_strategy...
                ('dummy', Dummify(target='charges')),
                ('fix_perfect', Remove_100(target='charges')),
                ('clean_names', Clean_Colum_Names()),
                ('feature_select', 'passthrough'), ('fix_multi', 'passthrough'),
                ('dfs',
                 DFS_Classic(interactions=['multiply'], ml_usecase='regression',
                             random_state=123, subclass='binary',
                             target='charges',
                             top_features_to_pick_percentage=None)),
                ('pca', 'passthrough')],
         verbose=False)
2020-11-23 21:10:04,390:INFO:setup() succesfully completed......................................
2020-11-23 21:10:11,863:INFO:Initializing create_model()
2020-11-23 21:10:11,865:INFO:create_model(estimator=lr, fold=None, round=4, cross_validation=True, predict=True, fit_kwargs=None, groups=None, refit=True, verbose=True, system=True, metrics=None, display=None, kwargs={})
2020-11-23 21:10:11,867:INFO:Checking exceptions
2020-11-23 21:10:11,868:INFO:Preparing display monitor
2020-11-23 21:10:11,901:INFO:Importing libraries
2020-11-23 21:10:11,903:INFO:Copying training dataset
2020-11-23 21:10:11,905:INFO:Defining folds
2020-11-23 21:10:11,906:INFO:Declaring metric variables
2020-11-23 21:10:11,927:INFO:Importing untrained model
2020-11-23 21:10:11,945:INFO:Linear Regression Imported succesfully
2020-11-23 21:10:11,980:INFO:Starting cross validation
2020-11-23 21:10:11,981:INFO:Cross validating with KFold(n_splits=10, random_state=123, shuffle=False), n_jobs=-1
2020-11-23 21:10:18,894:INFO:Calculating mean and std
2020-11-23 21:10:18,898:INFO:Creating metrics dataframe
2020-11-23 21:10:18,935:INFO:Finalizing model
2020-11-23 21:10:18,992:INFO:Uploading results into container
2020-11-23 21:10:18,994:INFO:Uploading model into container now
2020-11-23 21:10:19,088:INFO:create_model_container: 1
2020-11-23 21:10:19,089:INFO:master_model_container: 1
2020-11-23 21:10:19,091:INFO:display_container: 1
2020-11-23 21:10:19,094:INFO:LinearRegression(copy_X=True, fit_intercept=True, n_jobs=-1, normalize=False)
2020-11-23 21:10:19,096:INFO:create_model() succesfully completed......................................
2020-11-23 21:10:41,558:INFO:Initializing plot_model()
2020-11-23 21:10:41,559:INFO:plot_model(plot=residuals, fold=None, use_train_data=False, verbose=True, display=None, estimator=LinearRegression(copy_X=True, fit_intercept=True, n_jobs=-1, normalize=False), feature_name=None, fit_kwargs=None, groups=None, label=False, save=False, scale=1, system=True)
2020-11-23 21:10:41,560:INFO:Checking exceptions
2020-11-23 21:10:41,562:INFO:Preparing display monitor
2020-11-23 21:10:41,573:INFO:Preloading libraries
2020-11-23 21:10:41,577:INFO:Copying training dataset
2020-11-23 21:10:41,579:INFO:Copying test dataset
2020-11-23 21:10:41,580:INFO:Plot type: residuals
2020-11-23 21:10:41,605:INFO:Fitting Model
2020-11-23 21:10:41,646:INFO:Scoring test/hold-out set
2020-11-23 21:10:42,106:INFO:Visual Rendered Successfully
2020-11-23 21:10:42,186:INFO:plot_model() succesfully completed......................................
2020-11-23 21:11:50,486:INFO:Initializing plot_model()
2020-11-23 21:11:50,488:INFO:plot_model(plot=residuals, fold=None, use_train_data=False, verbose=True, display=None, estimator=LinearRegression(copy_X=True, fit_intercept=True, n_jobs=-1, normalize=False), feature_name=None, fit_kwargs=None, groups=None, label=False, save=False, scale=1, system=True)
2020-11-23 21:11:50,489:INFO:Checking exceptions
2020-11-23 21:11:50,491:INFO:Preparing display monitor
2020-11-23 21:11:50,503:INFO:Preloading libraries
2020-11-23 21:11:50,506:INFO:Copying training dataset
2020-11-23 21:11:50,507:INFO:Copying test dataset
2020-11-23 21:11:50,510:INFO:Plot type: residuals
2020-11-23 21:11:50,536:INFO:Fitting Model
2020-11-23 21:11:50,574:INFO:Scoring test/hold-out set
2020-11-23 21:11:51,053:INFO:Visual Rendered Successfully
2020-11-23 21:11:51,134:INFO:plot_model() succesfully completed......................................
2020-11-23 21:12:21,782:INFO:Initializing save_model()
2020-11-23 21:12:21,784:INFO:save_model(model=LinearRegression(copy_X=True, fit_intercept=True, n_jobs=-1, normalize=False), model_name=deployment_28042020, prep_pipe_=Pipeline(memory=None,
         steps=[('dtypes',
                 DataTypes_Auto_infer(categorical_features=[],
                                      display_types=True, features_todrop=[],
                                      id_columns=[], ml_usecase='regression',
                                      numerical_features=[], target='charges',
                                      time_features=[])),
                ('imputer',
                 Simple_Imputer(categorical_strategy='not_available',
                                fill_value_categorical=None,
                                fill_value_numerical=None,
                                numeric_strategy...
                ('dummy', Dummify(target='charges')),
                ('fix_perfect', Remove_100(target='charges')),
                ('clean_names', Clean_Colum_Names()),
                ('feature_select', 'passthrough'), ('fix_multi', 'passthrough'),
                ('dfs',
                 DFS_Classic(interactions=['multiply'], ml_usecase='regression',
                             random_state=123, subclass='binary',
                             target='charges',
                             top_features_to_pick_percentage=None)),
                ('pca', 'passthrough')],
         verbose=False), verbose=True)
2020-11-23 21:12:21,786:INFO:Adding model into prep_pipe
2020-11-23 21:12:21,824:INFO:deployment_28042020.pkl saved in current working directory
2020-11-23 21:12:21,833:INFO:Pipeline(memory=None,
         steps=[('dtypes',
                 DataTypes_Auto_infer(categorical_features=[],
                                      display_types=True, features_todrop=[],
                                      id_columns=[], ml_usecase='regression',
                                      numerical_features=[], target='charges',
                                      time_features=[])),
                ('imputer',
                 Simple_Imputer(categorical_strategy='not_available',
                                fill_value_categorical=None,
                                fill_value_numerical=None,
                                numeric_strategy...
                ('feature_select', 'passthrough'), ('fix_multi', 'passthrough'),
                ('dfs',
                 DFS_Classic(interactions=['multiply'], ml_usecase='regression',
                             random_state=123, subclass='binary',
                             target='charges',
                             top_features_to_pick_percentage=None)),
                ('pca', 'passthrough'),
                ['trained_model',
                 LinearRegression(copy_X=True, fit_intercept=True, n_jobs=-1,
                                  normalize=False)]],
         verbose=False)
2020-11-23 21:12:21,834:INFO:save_model() succesfully completed......................................
2020-11-23 21:12:30,971:INFO:Initializing load_model()
2020-11-23 21:12:30,973:INFO:load_model(model_name=deployment_28042020, platform=None, authentication=None, verbose=True)
2020-11-24 11:44:01,266:INFO:Initializing load_model()
2020-11-24 11:44:01,268:INFO:load_model(model_name=deployment_28042020, platform=None, authentication=None, verbose=True)
2020-11-24 11:44:23,496:INFO:Initializing load_model()
2020-11-24 11:44:23,497:INFO:load_model(model_name=deployment_28042020, platform=None, authentication=None, verbose=True)
2020-11-24 11:46:54,566:INFO:Initializing load_model()
2020-11-24 11:46:54,567:INFO:load_model(model_name=deployment_28042020, platform=None, authentication=None, verbose=True)
2020-11-24 11:48:10,414:INFO:Initializing predict_model()
2020-11-24 11:48:10,418:INFO:predict_model(estimator=Pipeline(memory=None,
         steps=[('dtypes',
                 DataTypes_Auto_infer(categorical_features=[],
                                      display_types=True, features_todrop=[],
                                      id_columns=[], ml_usecase='regression',
                                      numerical_features=[], target='charges',
                                      time_features=[])),
                ('imputer',
                 Simple_Imputer(categorical_strategy='not_available',
                                fill_value_categorical=None,
                                fill_value_numerical=None,
                                numeric_strategy...
                ('feature_select', 'passthrough'), ('fix_multi', 'passthrough'),
                ('dfs',
                 DFS_Classic(interactions=['multiply'], ml_usecase='regression',
                             random_state=123, subclass='binary',
                             target='charges',
                             top_features_to_pick_percentage=None)),
                ('pca', 'passthrough'),
                ['trained_model',
                 LinearRegression(copy_X=True, fit_intercept=True, n_jobs=-1,
                                  normalize=False)]],
         verbose=False), probability_threshold=None, encoded_labels=True, round=0, verbose=True, ml_usecase=MLUsecase.REGRESSION, display=None)
2020-11-24 11:48:10,420:INFO:Checking exceptions
2020-11-24 11:48:10,421:INFO:Preloading libraries
2020-11-24 11:48:10,423:INFO:Preparing display monitor
2020-11-24 11:48:58,713:INFO:Initializing predict_model()
2020-11-24 11:48:58,718:INFO:predict_model(estimator=Pipeline(memory=None,
         steps=[('dtypes',
                 DataTypes_Auto_infer(categorical_features=[],
                                      display_types=True, features_todrop=[],
                                      id_columns=[], ml_usecase='regression',
                                      numerical_features=[], target='charges',
                                      time_features=[])),
                ('imputer',
                 Simple_Imputer(categorical_strategy='not_available',
                                fill_value_categorical=None,
                                fill_value_numerical=None,
                                numeric_strategy...
                ('feature_select', 'passthrough'), ('fix_multi', 'passthrough'),
                ('dfs',
                 DFS_Classic(interactions=['multiply'], ml_usecase='regression',
                             random_state=123, subclass='binary',
                             target='charges',
                             top_features_to_pick_percentage=None)),
                ('pca', 'passthrough'),
                ['trained_model',
                 LinearRegression(copy_X=True, fit_intercept=True, n_jobs=-1,
                                  normalize=False)]],
         verbose=False), probability_threshold=None, encoded_labels=True, round=0, verbose=True, ml_usecase=MLUsecase.REGRESSION, display=None)
2020-11-24 11:48:58,719:INFO:Checking exceptions
2020-11-24 11:48:58,720:INFO:Preloading libraries
2020-11-24 11:48:58,722:INFO:Preparing display monitor
